                                 The SAS System                                1
                                             Thursday, July  1, 2021 08:40:00 PM

                               The REG Procedure
                                 Model: MODEL1
                        Dependent Variable: PTBI_AHEAD 

             Number of Observations Read                      18518
             Number of Observations Used                      17205
             Number of Observations with Missing Values        1313


                              Analysis of Variance
 
                                     Sum of           Mean
 Source                   DF        Squares         Square    F Value    Pr > F

 Model                     1      113.45426      113.45426    5082.56    <.0001
 Error                 17203      384.00981        0.02232                     
 Corrected Total       17204      497.46407                                    


              Root MSE              0.14941    R-Square     0.2281
              Dependent Mean        0.10282    Adj R-Sq     0.2280
              Coeff Var           145.30591                       


                              Parameter Estimates
 
                           Parameter       Standard
     Variable      DF       Estimate          Error    t Value    Pr > |t|

     Intercept      1       -0.00449        0.00189      -2.38      0.0175
     PTBI           1        0.85744        0.01203      71.29      <.0001
                                 The SAS System                                2
                                             Thursday, July  1, 2021 08:40:00 PM

                               The REG Procedure
                                 Model: MODEL1
                        Dependent Variable: PTBI_AHEAD 

             Number of Observations Read                      18518
             Number of Observations Used                      17205
             Number of Observations with Missing Values        1313


                              Analysis of Variance
 
                                     Sum of           Mean
 Source                   DF        Squares         Square    F Value    Pr > F

 Model                     5      117.24267       23.44853    1060.68    <.0001
 Error                 17199      380.22140        0.02211                     
 Corrected Total       17204      497.46407                                    


              Root MSE              0.14868    R-Square     0.2357
              Dependent Mean        0.10282    Adj R-Sq     0.2355
              Coeff Var           144.60419                       


                              Parameter Estimates
 
                           Parameter       Standard
     Variable      DF       Estimate          Error    t Value    Pr > |t|

     Intercept      1       -0.00759        0.00234      -3.25      0.0012
     IS_LNBTD       1        0.01254        0.00497       2.53      0.0115
     IS_LPBTD       1        0.01692        0.00524       3.23      0.0012
     PTBI           1        0.86111        0.01572      54.77      <.0001
     LN_PTBI        1        0.08553        0.02882       2.97      0.0030
     LP_PTBI        1       -0.21634        0.03378      -6.40      <.0001
