                                 The SAS System                                1
                                               Sunday, June 27, 2021 09:05:00 PM

                               Obs    descriptor

                                1       LNBTD   
                                 The SAS System                                2
                                               Sunday, June 27, 2021 09:05:00 PM

                              The MEANS Procedure

                                               Lower                       Upper
Variable            Mean       Std Dev      Quartile        Median      Quartile
--------------------------------------------------------------------------------
PTBI_AHEAD     0.1910256     0.1465017     0.0862414     0.1547119     0.2575215
PTBI           0.1468135     0.1035065     0.0697890     0.1251396     0.1977374
PTCF           0.1640230     0.1239159     0.0846494     0.1539667     0.2357897
PTACC         -0.0149622     0.0978287    -0.0763029    -0.0260047     0.0373270
AVETA        975.6370510       3436.21    43.6990000   127.3910000   407.0620000
DTE           -0.0454285     0.0326428    -0.0540527    -0.0326196    -0.0231029
ROE            0.1661453     0.1304223     0.0878163     0.1420674     0.2136991
MVE              1829.48       6644.09    54.4348750   185.9993750   759.4042500
BM             0.4843109     0.3916011     0.2149258     0.3796350     0.6372275
ETR            0.2777608     0.2282836     0.2539325     0.3600344     0.3958665
CETR           0.4809969     0.2341305     0.3907807     0.4523867     0.5355605
LEVERAGE       0.4252278     0.8100321     0.0041206     0.1577215     0.5696488
SPECITEMS     -0.0078736     0.0256662    -0.0082524             0             0
SALES          1.5454800     0.8649212     0.9558690     1.3566008     1.9112523
SALESGROW      0.0263782     0.1854768    -0.0691216     0.0062344     0.0921645
NOA          470.4569269       1572.47    17.5260000    57.2000000   221.0350000
NOAGROW        1.3331269     0.5860626     1.0149610     1.1671675     1.4683959
--------------------------------------------------------------------------------
                                 The SAS System                                3
                                               Sunday, June 27, 2021 09:05:00 PM

                               Obs    descriptor

                                1      SmallBTD 
                                 The SAS System                                4
                                               Sunday, June 27, 2021 09:05:00 PM

                              The MEANS Procedure

                                               Lower                       Upper
Variable            Mean       Std Dev      Quartile        Median      Quartile
--------------------------------------------------------------------------------
PTBI_AHEAD     0.1477329     0.1157448     0.0662890     0.1216751     0.1941175
PTBI           0.1260219     0.0886075     0.0615154     0.1094189     0.1692588
PTCF           0.1400469     0.1086288     0.0726055     0.1335786     0.2015134
PTACC         -0.0125665     0.0817734    -0.0598613    -0.0229495     0.0236094
AVETA            1302.59       4058.01    53.9320000   171.3715000   629.3120000
DTE            0.0022857     0.0101236    -0.0050935   0.000271830     0.0097871
ROE            0.1473889     0.1161471     0.0804519     0.1305662     0.1867082
MVE              1837.51       6622.40    48.4354985   177.5568750   748.0491626
BM             0.5880871     0.4430113     0.2875959     0.4763514     0.7646996
ETR            0.3268586     0.1406536     0.3185258     0.3701624     0.3968414
CETR           0.3242357     0.1497195     0.2858128     0.3548523     0.3977717
LEVERAGE       0.5910458     0.9225723     0.0330603     0.3278465     0.8068485
SPECITEMS     -0.0017660     0.0149464             0             0             0
SALES          1.4998914     0.8842434     0.9173453     1.3222379     1.8674117
SALESGROW      0.0054823     0.1601496    -0.0719362    -0.0042824     0.0653596
NOA          713.0518222       2007.05    26.8200000    97.6625000   399.2365000
NOAGROW        1.2513712     0.4865550     1.0169867     1.1242062     1.3172062
--------------------------------------------------------------------------------
                                 The SAS System                                5
                                               Sunday, June 27, 2021 09:05:00 PM

                               Obs    descriptor

                                1       LPBTD   
                                 The SAS System                                6
                                               Sunday, June 27, 2021 09:05:00 PM

                              The MEANS Procedure

                                               Lower                       Upper
Variable            Mean       Std Dev      Quartile        Median      Quartile
--------------------------------------------------------------------------------
PTBI_AHEAD     0.1451775     0.1084049     0.0699074     0.1210484     0.1879182
PTBI           0.1337407     0.0813801     0.0770830     0.1162810     0.1671807
PTCF           0.1523579     0.1053314     0.0866461     0.1450587     0.2105452
PTACC         -0.0186365     0.0821412    -0.0673626    -0.0274641     0.0226549
AVETA            1575.81       4272.45    68.1610000   234.0785000   852.2820000
DTE            0.0503375     0.0261183     0.0309814     0.0411787     0.0604937
ROE            0.1648775     0.1285979     0.0961042     0.1393198     0.1973755
MVE              1973.00       6373.83    72.1345000   272.5243750   988.3410000
BM             0.5306941     0.3904223     0.2754652     0.4440230     0.6803618
ETR            0.3628549     0.0983156     0.3448860     0.3770725     0.3996137
CETR           0.1834789     0.1350756     0.1051667     0.2101313     0.2797131
LEVERAGE       0.6592602     0.9521080     0.0903469     0.4284708     0.8854151
SPECITEMS    0.000654191     0.0173633             0             0             0
SALES          1.3409831     0.8078100     0.8167727     1.1917141     1.6382589
SALESGROW      0.0151986     0.1756760    -0.0794037     0.0011592     0.0778900
NOA          846.8890862       2043.95    37.3440000   145.0130000   585.7340000
NOAGROW        1.2901610     0.4885814     1.0424250     1.1618566     1.3774366
--------------------------------------------------------------------------------
